mode: count
github.com/sjhitchner/bloomd/bloom/bloom.go:33.52,39.2 1 1
github.com/sjhitchner/bloomd/bloom/bloom.go:41.45,45.34 3 2
github.com/sjhitchner/bloomd/bloom/bloom.go:49.2,49.11 1 2
github.com/sjhitchner/bloomd/bloom/bloom.go:45.34,48.3 2 4
github.com/sjhitchner/bloomd/bloom/bloom.go:52.51,56.34 3 3
github.com/sjhitchner/bloomd/bloom/bloom.go:62.2,62.13 1 2
github.com/sjhitchner/bloomd/bloom/bloom.go:56.34,58.61 2 5
github.com/sjhitchner/bloomd/bloom/bloom.go:58.61,60.4 1 1
github.com/sjhitchner/bloomd/bloom/bloom.go:65.43,67.2 1 1
github.com/sjhitchner/bloomd/bloom/bloom.go:69.37,70.29 1 0
github.com/sjhitchner/bloomd/bloom/bloom.go:73.2,73.15 1 0
github.com/sjhitchner/bloomd/bloom/bloom.go:70.29,72.3 1 0
github.com/sjhitchner/bloomd/bloom/bloom.go:82.54,87.2 4 0
github.com/sjhitchner/bloomd/bloom/bloom.go:89.37,91.48 2 5
github.com/sjhitchner/bloomd/bloom/bloom.go:94.2,94.32 1 5
github.com/sjhitchner/bloomd/bloom/bloom.go:91.48,93.3 1 0
github.com/sjhitchner/bloomd/bloom/bloom.go:97.33,99.48 2 5
github.com/sjhitchner/bloomd/bloom/bloom.go:102.2,102.32 1 5
github.com/sjhitchner/bloomd/bloom/bloom.go:99.48,101.3 1 0
